{"level":"error","message":"Error is here "}
{"level":"error","message":"Error is here "}
{"level":"error","message":"Error is here "}
{"level":"error","message":"something is badsomething is bad","stack":"Error: something is bad\n    at router.get (/Users/karthik-dhaaru/Documents/Workspace/Dharani/expense_tracker/expense_tracker_backend/routes/income.js:19:11)\n    at newFn (/Users/karthik-dhaaru/Documents/Workspace/Dharani/expense_tracker/expense_tracker_backend/node_modules/express-async-errors/index.js:16:20)\n    at Layer.handle [as handle_request] (/Users/karthik-dhaaru/Documents/Workspace/Dharani/expense_tracker/expense_tracker_backend/node_modules/express/lib/router/layer.js:95:5)\n    at next (/Users/karthik-dhaaru/Documents/Workspace/Dharani/expense_tracker/expense_tracker_backend/node_modules/express/lib/router/route.js:137:13)\n    at Route.dispatch (/Users/karthik-dhaaru/Documents/Workspace/Dharani/expense_tracker/expense_tracker_backend/node_modules/express/lib/router/route.js:112:3)\n    at newFn (/Users/karthik-dhaaru/Documents/Workspace/Dharani/expense_tracker/expense_tracker_backend/node_modules/express-async-errors/index.js:16:20)\n    at Layer.handle [as handle_request] (/Users/karthik-dhaaru/Documents/Workspace/Dharani/expense_tracker/expense_tracker_backend/node_modules/express/lib/router/layer.js:95:5)\n    at /Users/karthik-dhaaru/Documents/Workspace/Dharani/expense_tracker/expense_tracker_backend/node_modules/express/lib/router/index.js:281:22\n    at Function.process_params (/Users/karthik-dhaaru/Documents/Workspace/Dharani/expense_tracker/expense_tracker_backend/node_modules/express/lib/router/index.js:335:12)\n    at next (/Users/karthik-dhaaru/Documents/Workspace/Dharani/expense_tracker/expense_tracker_backend/node_modules/express/lib/router/index.js:275:10)\n    at auth (/Users/karthik-dhaaru/Documents/Workspace/Dharani/expense_tracker/expense_tracker_backend/middleware/auth.js:15:9)\n    at newFn (/Users/karthik-dhaaru/Documents/Workspace/Dharani/expense_tracker/expense_tracker_backend/node_modules/express-async-errors/index.js:16:20)\n    at Layer.handle [as handle_request] (/Users/karthik-dhaaru/Documents/Workspace/Dharani/expense_tracker/expense_tracker_backend/node_modules/express/lib/router/layer.js:95:5)\n    at trim_prefix (/Users/karthik-dhaaru/Documents/Workspace/Dharani/expense_tracker/expense_tracker_backend/node_modules/express/lib/router/index.js:317:13)\n    at /Users/karthik-dhaaru/Documents/Workspace/Dharani/expense_tracker/expense_tracker_backend/node_modules/express/lib/router/index.js:284:7\n    at Function.process_params (/Users/karthik-dhaaru/Documents/Workspace/Dharani/expense_tracker/expense_tracker_backend/node_modules/express/lib/router/index.js:335:12)"}
{"level":"warn","message":"something is badsomething is bad","stack":"Error: something is bad\n    at router.get (/Users/karthik-dhaaru/Documents/Workspace/Dharani/expense_tracker/expense_tracker_backend/routes/income.js:19:11)\n    at newFn (/Users/karthik-dhaaru/Documents/Workspace/Dharani/expense_tracker/expense_tracker_backend/node_modules/express-async-errors/index.js:16:20)\n    at Layer.handle [as handle_request] (/Users/karthik-dhaaru/Documents/Workspace/Dharani/expense_tracker/expense_tracker_backend/node_modules/express/lib/router/layer.js:95:5)\n    at next (/Users/karthik-dhaaru/Documents/Workspace/Dharani/expense_tracker/expense_tracker_backend/node_modules/express/lib/router/route.js:137:13)\n    at Route.dispatch (/Users/karthik-dhaaru/Documents/Workspace/Dharani/expense_tracker/expense_tracker_backend/node_modules/express/lib/router/route.js:112:3)\n    at newFn (/Users/karthik-dhaaru/Documents/Workspace/Dharani/expense_tracker/expense_tracker_backend/node_modules/express-async-errors/index.js:16:20)\n    at Layer.handle [as handle_request] (/Users/karthik-dhaaru/Documents/Workspace/Dharani/expense_tracker/expense_tracker_backend/node_modules/express/lib/router/layer.js:95:5)\n    at /Users/karthik-dhaaru/Documents/Workspace/Dharani/expense_tracker/expense_tracker_backend/node_modules/express/lib/router/index.js:281:22\n    at Function.process_params (/Users/karthik-dhaaru/Documents/Workspace/Dharani/expense_tracker/expense_tracker_backend/node_modules/express/lib/router/index.js:335:12)\n    at next (/Users/karthik-dhaaru/Documents/Workspace/Dharani/expense_tracker/expense_tracker_backend/node_modules/express/lib/router/index.js:275:10)\n    at auth (/Users/karthik-dhaaru/Documents/Workspace/Dharani/expense_tracker/expense_tracker_backend/middleware/auth.js:15:9)\n    at newFn (/Users/karthik-dhaaru/Documents/Workspace/Dharani/expense_tracker/expense_tracker_backend/node_modules/express-async-errors/index.js:16:20)\n    at Layer.handle [as handle_request] (/Users/karthik-dhaaru/Documents/Workspace/Dharani/expense_tracker/expense_tracker_backend/node_modules/express/lib/router/layer.js:95:5)\n    at trim_prefix (/Users/karthik-dhaaru/Documents/Workspace/Dharani/expense_tracker/expense_tracker_backend/node_modules/express/lib/router/index.js:317:13)\n    at /Users/karthik-dhaaru/Documents/Workspace/Dharani/expense_tracker/expense_tracker_backend/node_modules/express/lib/router/index.js:284:7\n    at Function.process_params (/Users/karthik-dhaaru/Documents/Workspace/Dharani/expense_tracker/expense_tracker_backend/node_modules/express/lib/router/index.js:335:12)"}
{"message":"Connected to the Database","level":"info"}
{"name":"MongoNetworkError","errorLabels":["TransientTransactionError"],"level":"warn","message":"Cannot to Databasefailed to connect to server [localhost:27017] on first connect [MongoNetworkError: connect ECONNREFUSED 127.0.0.1:27017]","stack":"MongoNetworkError: failed to connect to server [localhost:27017] on first connect [MongoNetworkError: connect ECONNREFUSED 127.0.0.1:27017]\n    at Pool.<anonymous> (/Users/karthik-dhaaru/Documents/Workspace/Dharani/expense_tracker/expense_tracker_backend/node_modules/mongodb/lib/core/topologies/server.js:431:11)\n    at Pool.emit (events.js:198:13)\n    at connect (/Users/karthik-dhaaru/Documents/Workspace/Dharani/expense_tracker/expense_tracker_backend/node_modules/mongodb/lib/core/connection/pool.js:580:14)\n    at makeConnection (/Users/karthik-dhaaru/Documents/Workspace/Dharani/expense_tracker/expense_tracker_backend/node_modules/mongodb/lib/core/connection/connect.js:39:11)\n    at callback (/Users/karthik-dhaaru/Documents/Workspace/Dharani/expense_tracker/expense_tracker_backend/node_modules/mongodb/lib/core/connection/connect.js:261:5)\n    at Socket.err (/Users/karthik-dhaaru/Documents/Workspace/Dharani/expense_tracker/expense_tracker_backend/node_modules/mongodb/lib/core/connection/connect.js:286:7)\n    at Object.onceWrapper (events.js:286:20)\n    at Socket.emit (events.js:198:13)\n    at emitErrorNT (internal/streams/destroy.js:91:8)\n    at emitErrorAndCloseNT (internal/streams/destroy.js:59:3)\n    at process._tickCallback (internal/process/next_tick.js:63:19)"}
{"message":"Connected to the Database","level":"info"}
{"message":"Connected to the Database","level":"info"}
{"message":"Connected to the Database","level":"info"}
{"message":"Connected to the Database","level":"info"}
{"message":"Connected to the Database","level":"info"}
{"message":"Connected to the Database","level":"info"}
{"message":"Connected to the Database","level":"info"}
{"message":"Connected to the Database","level":"info"}
{"message":"Connected to the Database","level":"info"}
{"message":"Connected to the Database","level":"info"}
{"message":"Connected to the Database","level":"info"}
{"message":"Connected to the Database","level":"info"}
{"message":"Connected to the Database","level":"info"}
{"message":"Connected to the Database","level":"info"}
{"message":"Connected to the Database","level":"info"}
{"message":"Connected to the Database","level":"info"}
{"message":"Connected to the Database","level":"info"}
{"message":"Connected to the Database","level":"info"}
{"message":"Connected to the Database mongodb://localhost/ExpenseTracker","level":"info"}
{"message":"Connected to the Database mongodb://localhost/ExpenseTracker_Tests","level":"info"}
{"message":"Connected to the Database mongodb://localhost/ExpenseTracker_Tests","level":"info"}
{"message":"Connected to the Database mongodb://localhost/ExpenseTracker_Tests","level":"info"}
{"message":"Connected to the Database mongodb://localhost/ExpenseTracker_Tests","level":"info"}
{"message":"Connected to the Database mongodb://localhost/ExpenseTracker_Tests","level":"info"}
{"message":"Connected to the Database mongodb://localhost/ExpenseTracker_Tests","level":"info"}
{"message":"Connected to the Database mongodb://localhost/ExpenseTracker_Tests","level":"info"}
{"message":"Connected to the Database mongodb://localhost/ExpenseTracker_Tests","level":"info"}
{"message":"Connected to the Database mongodb://localhost/ExpenseTracker_Tests","level":"info"}
{"message":"Connected to the Database mongodb://localhost/ExpenseTracker_Tests","level":"info"}
{"message":"Connected to the Database mongodb://localhost/ExpenseTracker_Tests","level":"info"}
{"message":"Connected to the Database mongodb://localhost/ExpenseTracker_Tests","level":"info"}
{"message":"Connected to the Database mongodb://localhost/ExpenseTracker_Tests","level":"info"}
{"message":"Cast to ObjectId failed for value \":5d8fa366735abf04fb21966a\" at path \"_id\" for model \"Expense\"Cast to ObjectId failed for value \":5d8fa366735abf04fb21966a\" at path \"_id\" for model \"Expense\"","name":"CastError","stringValue":"\":5d8fa366735abf04fb21966a\"","kind":"ObjectId","value":":5d8fa366735abf04fb21966a","path":"_id","level":"error","stack":"CastError: Cast to ObjectId failed for value \":5d8fa366735abf04fb21966a\" at path \"_id\" for model \"Expense\"\n    at new CastError (/Users/karthik-dhaaru/Documents/Workspace/Dharani/expense_tracker/expense_tracker_backend/node_modules/mongoose/lib/error/cast.js:29:11)\n    at ObjectId.Object.<anonymous>.ObjectId.cast (/Users/karthik-dhaaru/Documents/Workspace/Dharani/expense_tracker/expense_tracker_backend/node_modules/mongoose/lib/schema/objectid.js:244:11)\n    at ObjectId.Object.<anonymous>.SchemaType.applySetters (/Users/karthik-dhaaru/Documents/Workspace/Dharani/expense_tracker/expense_tracker_backend/node_modules/mongoose/lib/schematype.js:948:12)\n    at ObjectId.Object.<anonymous>.SchemaType._castForQuery (/Users/karthik-dhaaru/Documents/Workspace/Dharani/expense_tracker/expense_tracker_backend/node_modules/mongoose/lib/schematype.js:1362:15)\n    at ObjectId.Object.<anonymous>.SchemaType.castForQuery (/Users/karthik-dhaaru/Documents/Workspace/Dharani/expense_tracker/expense_tracker_backend/node_modules/mongoose/lib/schematype.js:1352:15)\n    at ObjectId.Object.<anonymous>.SchemaType.castForQueryWrapper (/Users/karthik-dhaaru/Documents/Workspace/Dharani/expense_tracker/expense_tracker_backend/node_modules/mongoose/lib/schematype.js:1331:15)\n    at cast (/Users/karthik-dhaaru/Documents/Workspace/Dharani/expense_tracker/expense_tracker_backend/node_modules/mongoose/lib/cast.js:307:32)\n    at model.Query.Object.<anonymous>.Query.cast (/Users/karthik-dhaaru/Documents/Workspace/Dharani/expense_tracker/expense_tracker_backend/node_modules/mongoose/lib/query.js:4638:12)\n    at model.Query.Object.<anonymous>.Query._castConditions (/Users/karthik-dhaaru/Documents/Workspace/Dharani/expense_tracker/expense_tracker_backend/node_modules/mongoose/lib/query.js:1834:10)\n    at model.Query.<anonymous> (/Users/karthik-dhaaru/Documents/Workspace/Dharani/expense_tracker/expense_tracker_backend/node_modules/mongoose/lib/query.js:2089:8)\n    at model.Query._wrappedThunk [as _findOne] (/Users/karthik-dhaaru/Documents/Workspace/Dharani/expense_tracker/expense_tracker_backend/node_modules/mongoose/lib/helpers/query/wrapThunk.js:16:8)\n    at process.nextTick (/Users/karthik-dhaaru/Documents/Workspace/Dharani/expense_tracker/expense_tracker_backend/node_modules/kareem/index.js:369:33)\n    at process._tickCallback (internal/process/next_tick.js:61:11)"}
{"message":"Connected to the Database mongodb://localhost/ExpenseTracker_Tests","level":"info"}
{"message":"Connected to the Database mongodb://localhost/ExpenseTracker_Tests","level":"info"}
{"message":"Connected to the Database mongodb://localhost/ExpenseTracker_Tests","level":"info"}
{"message":"Connected to the Database mongodb://localhost/ExpenseTracker_Tests","level":"info"}
{"message":"Connected to the Database mongodb://localhost/ExpenseTracker_Tests","level":"info"}
{"message":"Connected to the Database mongodb://localhost/ExpenseTracker_Tests","level":"info"}
{"message":"Connected to the Database mongodb://localhost/ExpenseTracker_Tests","level":"info"}
{"message":"Connected to the Database mongodb://localhost/ExpenseTracker_Tests","level":"info"}
{"message":"Connected to the Database mongodb://localhost/ExpenseTracker_Tests","level":"info"}
{"message":"Connected to the Database mongodb://localhost/ExpenseTracker_Tests","level":"info"}
{"message":"Connected to the Database mongodb://localhost/ExpenseTracker_Tests","level":"info"}
{"message":"Connected to the Database mongodb://localhost/ExpenseTracker_Tests","level":"info"}
{"message":"Connected to the Database mongodb://localhost/ExpenseTracker_Tests","level":"info"}
{"message":"Connected to the Database mongodb://localhost/ExpenseTracker_Tests","level":"info"}
{"message":"Connected to the Database mongodb://localhost/ExpenseTracker_Tests","level":"info"}
{"message":"Connected to the Database mongodb://localhost/ExpenseTracker_Tests","level":"info"}
{"message":"Connected to the Database mongodb://localhost/ExpenseTracker_Tests","level":"info"}
{"message":"Connected to the Database mongodb://localhost/ExpenseTracker_Tests","level":"info"}
{"message":"Connected to the Database mongodb://localhost/ExpenseTracker_Tests","level":"info"}
{"message":"Connected to the Database mongodb://localhost/ExpenseTracker_Tests","level":"info"}
{"message":"Connected to the Database mongodb://localhost/ExpenseTracker_Tests","level":"info"}
{"message":"Connected to the Database mongodb://localhost/ExpenseTracker_Tests","level":"info"}
{"message":"Connected to the Database mongodb://localhost/ExpenseTracker_Tests","level":"info"}
{"message":"Connected to the Database mongodb://localhost/ExpenseTracker_Tests","level":"info"}
{"message":"Cast to ObjectId failed for value \"5d8fa71c7aa28b045c7f7e471\" at path \"_id\" for model \"Expense\"Cast to ObjectId failed for value \"5d8fa71c7aa28b045c7f7e471\" at path \"_id\" for model \"Expense\"","name":"CastError","stringValue":"\"5d8fa71c7aa28b045c7f7e471\"","kind":"ObjectId","value":"5d8fa71c7aa28b045c7f7e471","path":"_id","level":"error","stack":"CastError: Cast to ObjectId failed for value \"5d8fa71c7aa28b045c7f7e471\" at path \"_id\" for model \"Expense\"\n    at new CastError (/Users/karthik-dhaaru/Documents/Workspace/Dharani/expense_tracker/expense_tracker_backend/node_modules/mongoose/lib/error/cast.js:29:11)\n    at ObjectId.Object.<anonymous>.ObjectId.cast (/Users/karthik-dhaaru/Documents/Workspace/Dharani/expense_tracker/expense_tracker_backend/node_modules/mongoose/lib/schema/objectid.js:244:11)\n    at ObjectId.Object.<anonymous>.SchemaType.applySetters (/Users/karthik-dhaaru/Documents/Workspace/Dharani/expense_tracker/expense_tracker_backend/node_modules/mongoose/lib/schematype.js:948:12)\n    at ObjectId.Object.<anonymous>.SchemaType._castForQuery (/Users/karthik-dhaaru/Documents/Workspace/Dharani/expense_tracker/expense_tracker_backend/node_modules/mongoose/lib/schematype.js:1362:15)\n    at ObjectId.Object.<anonymous>.SchemaType.castForQuery (/Users/karthik-dhaaru/Documents/Workspace/Dharani/expense_tracker/expense_tracker_backend/node_modules/mongoose/lib/schematype.js:1352:15)\n    at ObjectId.Object.<anonymous>.SchemaType.castForQueryWrapper (/Users/karthik-dhaaru/Documents/Workspace/Dharani/expense_tracker/expense_tracker_backend/node_modules/mongoose/lib/schematype.js:1331:15)\n    at cast (/Users/karthik-dhaaru/Documents/Workspace/Dharani/expense_tracker/expense_tracker_backend/node_modules/mongoose/lib/cast.js:307:32)\n    at model.Query.Object.<anonymous>.Query.cast (/Users/karthik-dhaaru/Documents/Workspace/Dharani/expense_tracker/expense_tracker_backend/node_modules/mongoose/lib/query.js:4638:12)\n    at model.Query.Object.<anonymous>.Query._castConditions (/Users/karthik-dhaaru/Documents/Workspace/Dharani/expense_tracker/expense_tracker_backend/node_modules/mongoose/lib/query.js:1834:10)\n    at model.Query.<anonymous> (/Users/karthik-dhaaru/Documents/Workspace/Dharani/expense_tracker/expense_tracker_backend/node_modules/mongoose/lib/query.js:2089:8)\n    at model.Query._wrappedThunk [as _findOne] (/Users/karthik-dhaaru/Documents/Workspace/Dharani/expense_tracker/expense_tracker_backend/node_modules/mongoose/lib/helpers/query/wrapThunk.js:16:8)\n    at process.nextTick (/Users/karthik-dhaaru/Documents/Workspace/Dharani/expense_tracker/expense_tracker_backend/node_modules/kareem/index.js:369:33)\n    at process._tickCallback (internal/process/next_tick.js:61:11)"}
{"message":"Connected to the Database mongodb://localhost/ExpenseTracker_Tests","level":"info"}
{"message":"Cast to ObjectId failed for value \"5d8fa75e5a1bb0045c92496a1\" at path \"_id\" for model \"Expense\"Cast to ObjectId failed for value \"5d8fa75e5a1bb0045c92496a1\" at path \"_id\" for model \"Expense\"","name":"CastError","stringValue":"\"5d8fa75e5a1bb0045c92496a1\"","kind":"ObjectId","value":"5d8fa75e5a1bb0045c92496a1","path":"_id","level":"error","stack":"CastError: Cast to ObjectId failed for value \"5d8fa75e5a1bb0045c92496a1\" at path \"_id\" for model \"Expense\"\n    at new CastError (/Users/karthik-dhaaru/Documents/Workspace/Dharani/expense_tracker/expense_tracker_backend/node_modules/mongoose/lib/error/cast.js:29:11)\n    at ObjectId.Object.<anonymous>.ObjectId.cast (/Users/karthik-dhaaru/Documents/Workspace/Dharani/expense_tracker/expense_tracker_backend/node_modules/mongoose/lib/schema/objectid.js:244:11)\n    at ObjectId.Object.<anonymous>.SchemaType.applySetters (/Users/karthik-dhaaru/Documents/Workspace/Dharani/expense_tracker/expense_tracker_backend/node_modules/mongoose/lib/schematype.js:948:12)\n    at ObjectId.Object.<anonymous>.SchemaType._castForQuery (/Users/karthik-dhaaru/Documents/Workspace/Dharani/expense_tracker/expense_tracker_backend/node_modules/mongoose/lib/schematype.js:1362:15)\n    at ObjectId.Object.<anonymous>.SchemaType.castForQuery (/Users/karthik-dhaaru/Documents/Workspace/Dharani/expense_tracker/expense_tracker_backend/node_modules/mongoose/lib/schematype.js:1352:15)\n    at ObjectId.Object.<anonymous>.SchemaType.castForQueryWrapper (/Users/karthik-dhaaru/Documents/Workspace/Dharani/expense_tracker/expense_tracker_backend/node_modules/mongoose/lib/schematype.js:1331:15)\n    at cast (/Users/karthik-dhaaru/Documents/Workspace/Dharani/expense_tracker/expense_tracker_backend/node_modules/mongoose/lib/cast.js:307:32)\n    at model.Query.Object.<anonymous>.Query.cast (/Users/karthik-dhaaru/Documents/Workspace/Dharani/expense_tracker/expense_tracker_backend/node_modules/mongoose/lib/query.js:4638:12)\n    at model.Query.Object.<anonymous>.Query._castConditions (/Users/karthik-dhaaru/Documents/Workspace/Dharani/expense_tracker/expense_tracker_backend/node_modules/mongoose/lib/query.js:1834:10)\n    at model.Query.<anonymous> (/Users/karthik-dhaaru/Documents/Workspace/Dharani/expense_tracker/expense_tracker_backend/node_modules/mongoose/lib/query.js:2089:8)\n    at model.Query._wrappedThunk [as _findOne] (/Users/karthik-dhaaru/Documents/Workspace/Dharani/expense_tracker/expense_tracker_backend/node_modules/mongoose/lib/helpers/query/wrapThunk.js:16:8)\n    at process.nextTick (/Users/karthik-dhaaru/Documents/Workspace/Dharani/expense_tracker/expense_tracker_backend/node_modules/kareem/index.js:369:33)\n    at process._tickCallback (internal/process/next_tick.js:61:11)"}
{"message":"Connected to the Database mongodb://localhost/ExpenseTracker_Tests","level":"info"}
{"message":"Cast to ObjectId failed for value \"5d8fa777a3ed47045c19e73d1\" at path \"_id\" for model \"Expense\"Cast to ObjectId failed for value \"5d8fa777a3ed47045c19e73d1\" at path \"_id\" for model \"Expense\"","name":"CastError","stringValue":"\"5d8fa777a3ed47045c19e73d1\"","kind":"ObjectId","value":"5d8fa777a3ed47045c19e73d1","path":"_id","level":"error","stack":"CastError: Cast to ObjectId failed for value \"5d8fa777a3ed47045c19e73d1\" at path \"_id\" for model \"Expense\"\n    at new CastError (/Users/karthik-dhaaru/Documents/Workspace/Dharani/expense_tracker/expense_tracker_backend/node_modules/mongoose/lib/error/cast.js:29:11)\n    at ObjectId.Object.<anonymous>.ObjectId.cast (/Users/karthik-dhaaru/Documents/Workspace/Dharani/expense_tracker/expense_tracker_backend/node_modules/mongoose/lib/schema/objectid.js:244:11)\n    at ObjectId.Object.<anonymous>.SchemaType.applySetters (/Users/karthik-dhaaru/Documents/Workspace/Dharani/expense_tracker/expense_tracker_backend/node_modules/mongoose/lib/schematype.js:948:12)\n    at ObjectId.Object.<anonymous>.SchemaType._castForQuery (/Users/karthik-dhaaru/Documents/Workspace/Dharani/expense_tracker/expense_tracker_backend/node_modules/mongoose/lib/schematype.js:1362:15)\n    at ObjectId.Object.<anonymous>.SchemaType.castForQuery (/Users/karthik-dhaaru/Documents/Workspace/Dharani/expense_tracker/expense_tracker_backend/node_modules/mongoose/lib/schematype.js:1352:15)\n    at ObjectId.Object.<anonymous>.SchemaType.castForQueryWrapper (/Users/karthik-dhaaru/Documents/Workspace/Dharani/expense_tracker/expense_tracker_backend/node_modules/mongoose/lib/schematype.js:1331:15)\n    at cast (/Users/karthik-dhaaru/Documents/Workspace/Dharani/expense_tracker/expense_tracker_backend/node_modules/mongoose/lib/cast.js:307:32)\n    at model.Query.Object.<anonymous>.Query.cast (/Users/karthik-dhaaru/Documents/Workspace/Dharani/expense_tracker/expense_tracker_backend/node_modules/mongoose/lib/query.js:4638:12)\n    at model.Query.Object.<anonymous>.Query._castConditions (/Users/karthik-dhaaru/Documents/Workspace/Dharani/expense_tracker/expense_tracker_backend/node_modules/mongoose/lib/query.js:1834:10)\n    at model.Query.<anonymous> (/Users/karthik-dhaaru/Documents/Workspace/Dharani/expense_tracker/expense_tracker_backend/node_modules/mongoose/lib/query.js:2089:8)\n    at model.Query._wrappedThunk [as _findOne] (/Users/karthik-dhaaru/Documents/Workspace/Dharani/expense_tracker/expense_tracker_backend/node_modules/mongoose/lib/helpers/query/wrapThunk.js:16:8)\n    at process.nextTick (/Users/karthik-dhaaru/Documents/Workspace/Dharani/expense_tracker/expense_tracker_backend/node_modules/kareem/index.js:369:33)\n    at process._tickCallback (internal/process/next_tick.js:61:11)"}
{"message":"Connected to the Database mongodb://localhost/ExpenseTracker_Tests","level":"info"}
{"message":"Cast to ObjectId failed for value \"5d8fa77d9cb641045c679def1\" at path \"_id\" for model \"Expense\"Cast to ObjectId failed for value \"5d8fa77d9cb641045c679def1\" at path \"_id\" for model \"Expense\"","name":"CastError","stringValue":"\"5d8fa77d9cb641045c679def1\"","kind":"ObjectId","value":"5d8fa77d9cb641045c679def1","path":"_id","level":"error","stack":"CastError: Cast to ObjectId failed for value \"5d8fa77d9cb641045c679def1\" at path \"_id\" for model \"Expense\"\n    at new CastError (/Users/karthik-dhaaru/Documents/Workspace/Dharani/expense_tracker/expense_tracker_backend/node_modules/mongoose/lib/error/cast.js:29:11)\n    at ObjectId.Object.<anonymous>.ObjectId.cast (/Users/karthik-dhaaru/Documents/Workspace/Dharani/expense_tracker/expense_tracker_backend/node_modules/mongoose/lib/schema/objectid.js:244:11)\n    at ObjectId.Object.<anonymous>.SchemaType.applySetters (/Users/karthik-dhaaru/Documents/Workspace/Dharani/expense_tracker/expense_tracker_backend/node_modules/mongoose/lib/schematype.js:948:12)\n    at ObjectId.Object.<anonymous>.SchemaType._castForQuery (/Users/karthik-dhaaru/Documents/Workspace/Dharani/expense_tracker/expense_tracker_backend/node_modules/mongoose/lib/schematype.js:1362:15)\n    at ObjectId.Object.<anonymous>.SchemaType.castForQuery (/Users/karthik-dhaaru/Documents/Workspace/Dharani/expense_tracker/expense_tracker_backend/node_modules/mongoose/lib/schematype.js:1352:15)\n    at ObjectId.Object.<anonymous>.SchemaType.castForQueryWrapper (/Users/karthik-dhaaru/Documents/Workspace/Dharani/expense_tracker/expense_tracker_backend/node_modules/mongoose/lib/schematype.js:1331:15)\n    at cast (/Users/karthik-dhaaru/Documents/Workspace/Dharani/expense_tracker/expense_tracker_backend/node_modules/mongoose/lib/cast.js:307:32)\n    at model.Query.Object.<anonymous>.Query.cast (/Users/karthik-dhaaru/Documents/Workspace/Dharani/expense_tracker/expense_tracker_backend/node_modules/mongoose/lib/query.js:4638:12)\n    at model.Query.Object.<anonymous>.Query._castConditions (/Users/karthik-dhaaru/Documents/Workspace/Dharani/expense_tracker/expense_tracker_backend/node_modules/mongoose/lib/query.js:1834:10)\n    at model.Query.<anonymous> (/Users/karthik-dhaaru/Documents/Workspace/Dharani/expense_tracker/expense_tracker_backend/node_modules/mongoose/lib/query.js:2089:8)\n    at model.Query._wrappedThunk [as _findOne] (/Users/karthik-dhaaru/Documents/Workspace/Dharani/expense_tracker/expense_tracker_backend/node_modules/mongoose/lib/helpers/query/wrapThunk.js:16:8)\n    at process.nextTick (/Users/karthik-dhaaru/Documents/Workspace/Dharani/expense_tracker/expense_tracker_backend/node_modules/kareem/index.js:369:33)\n    at process._tickCallback (internal/process/next_tick.js:61:11)"}
{"message":"Connected to the Database mongodb://localhost/ExpenseTracker_Tests","level":"info"}
{"message":"Cast to ObjectId failed for value \"5d8fa794ddabcb045cd91ec71\" at path \"_id\" for model \"Expense\"Cast to ObjectId failed for value \"5d8fa794ddabcb045cd91ec71\" at path \"_id\" for model \"Expense\"","name":"CastError","stringValue":"\"5d8fa794ddabcb045cd91ec71\"","kind":"ObjectId","value":"5d8fa794ddabcb045cd91ec71","path":"_id","level":"error","stack":"CastError: Cast to ObjectId failed for value \"5d8fa794ddabcb045cd91ec71\" at path \"_id\" for model \"Expense\"\n    at new CastError (/Users/karthik-dhaaru/Documents/Workspace/Dharani/expense_tracker/expense_tracker_backend/node_modules/mongoose/lib/error/cast.js:29:11)\n    at ObjectId.Object.<anonymous>.ObjectId.cast (/Users/karthik-dhaaru/Documents/Workspace/Dharani/expense_tracker/expense_tracker_backend/node_modules/mongoose/lib/schema/objectid.js:244:11)\n    at ObjectId.Object.<anonymous>.SchemaType.applySetters (/Users/karthik-dhaaru/Documents/Workspace/Dharani/expense_tracker/expense_tracker_backend/node_modules/mongoose/lib/schematype.js:948:12)\n    at ObjectId.Object.<anonymous>.SchemaType._castForQuery (/Users/karthik-dhaaru/Documents/Workspace/Dharani/expense_tracker/expense_tracker_backend/node_modules/mongoose/lib/schematype.js:1362:15)\n    at ObjectId.Object.<anonymous>.SchemaType.castForQuery (/Users/karthik-dhaaru/Documents/Workspace/Dharani/expense_tracker/expense_tracker_backend/node_modules/mongoose/lib/schematype.js:1352:15)\n    at ObjectId.Object.<anonymous>.SchemaType.castForQueryWrapper (/Users/karthik-dhaaru/Documents/Workspace/Dharani/expense_tracker/expense_tracker_backend/node_modules/mongoose/lib/schematype.js:1331:15)\n    at cast (/Users/karthik-dhaaru/Documents/Workspace/Dharani/expense_tracker/expense_tracker_backend/node_modules/mongoose/lib/cast.js:307:32)\n    at model.Query.Object.<anonymous>.Query.cast (/Users/karthik-dhaaru/Documents/Workspace/Dharani/expense_tracker/expense_tracker_backend/node_modules/mongoose/lib/query.js:4638:12)\n    at model.Query.Object.<anonymous>.Query._castConditions (/Users/karthik-dhaaru/Documents/Workspace/Dharani/expense_tracker/expense_tracker_backend/node_modules/mongoose/lib/query.js:1834:10)\n    at model.Query.<anonymous> (/Users/karthik-dhaaru/Documents/Workspace/Dharani/expense_tracker/expense_tracker_backend/node_modules/mongoose/lib/query.js:2089:8)\n    at model.Query._wrappedThunk [as _findOne] (/Users/karthik-dhaaru/Documents/Workspace/Dharani/expense_tracker/expense_tracker_backend/node_modules/mongoose/lib/helpers/query/wrapThunk.js:16:8)\n    at process.nextTick (/Users/karthik-dhaaru/Documents/Workspace/Dharani/expense_tracker/expense_tracker_backend/node_modules/kareem/index.js:369:33)\n    at process._tickCallback (internal/process/next_tick.js:61:11)"}
{"message":"Connected to the Database mongodb://localhost/ExpenseTracker_Tests","level":"info"}
{"message":"Connected to the Database mongodb://localhost/ExpenseTracker_Tests","level":"info"}
{"message":"Connected to the Database mongodb://localhost/ExpenseTracker_Tests","level":"info"}
{"message":"Connected to the Database mongodb://localhost/ExpenseTracker_Tests","level":"info"}
{"message":"Connected to the Database mongodb://localhost/ExpenseTracker_Tests","level":"info"}
{"message":"Connected to the Database mongodb://localhost/ExpenseTracker_Tests","level":"info"}
{"message":"Connected to the Database mongodb://localhost/ExpenseTracker_Tests","level":"info"}
{"message":"Connected to the Database mongodb://localhost/ExpenseTracker_Tests","level":"info"}
{"message":"Connected to the Database mongodb://localhost/ExpenseTracker_Tests","level":"info"}
{"message":"Connected to the Database mongodb://localhost/ExpenseTracker_Tests","level":"info"}
{"message":"Connected to the Database mongodb://localhost/ExpenseTracker_Tests","level":"info"}
{"message":"Connected to the Database mongodb://localhost/ExpenseTracker_Tests","level":"info"}
{"message":"Connected to the Database mongodb://localhost/ExpenseTracker_Tests","level":"info"}
{"message":"Connected to the Database mongodb://localhost/ExpenseTracker_Tests","level":"info"}
{"message":"Connected to the Database mongodb://localhost/ExpenseTracker_Tests","level":"info"}
{"message":"Connected to the Database mongodb://localhost/ExpenseTracker_Tests","level":"info"}
{"message":"Connected to the Database mongodb://localhost/ExpenseTracker_Tests","level":"info"}
{"message":"Connected to the Database mongodb://localhost/ExpenseTracker_Tests","level":"info"}
{"message":"Connected to the Database mongodb://localhost/ExpenseTracker_Tests","level":"info"}
{"message":"Connected to the Database mongodb://localhost/ExpenseTracker_Tests","level":"info"}
{"message":"Connected to the Database mongodb://localhost/ExpenseTracker_Tests","level":"info"}
{"message":"Connected to the Database mongodb://localhost/ExpenseTracker_Tests","level":"info"}
{"message":"Connected to the Database mongodb://localhost/ExpenseTracker_Tests","level":"info"}
{"message":"Connected to the Database mongodb://localhost/ExpenseTracker_Tests","level":"info"}
{"message":"Connected to the Database mongodb://localhost/ExpenseTracker_Tests","level":"info"}
{"message":"Connected to the Database mongodb://localhost/ExpenseTracker_Tests","level":"info"}
{"message":"Connected to the Database mongodb://localhost/ExpenseTracker_Tests","level":"info"}
{"message":"Connected to the Database mongodb://localhost/ExpenseTracker_Tests","level":"info"}
{"message":"Connected to the Database mongodb://localhost/ExpenseTracker_Tests","level":"info"}
{"message":"Connected to the Database mongodb://localhost/ExpenseTracker_Tests","level":"info"}
{"message":"Connected to the Database mongodb://localhost/ExpenseTracker_Tests","level":"info"}
{"message":"Connected to the Database mongodb://localhost/ExpenseTracker_Tests","level":"info"}
{"message":"Connected to the Database mongodb://localhost/ExpenseTracker_Tests","level":"info"}
{"message":"Connected to the Database mongodb://localhost/ExpenseTracker_Tests","level":"info"}
{"message":"Connected to the Database mongodb://localhost/ExpenseTracker_Tests","level":"info"}
{"message":"Connected to the Database mongodb://localhost/ExpenseTracker_Tests","level":"info"}
{"errors":{"payer":{"message":"Path `payer` (`I`) is shorter than the minimum allowed length (2).","name":"ValidatorError","properties":{"message":"Path `payer` (`I`) is shorter than the minimum allowed length (2).","type":"minlength","minlength":2,"path":"payer","value":"I"},"kind":"minlength","path":"payer","value":"I"}},"_message":"Income validation failed","message":"Income validation failed: payer: Path `payer` (`I`) is shorter than the minimum allowed length (2).Income validation failed: payer: Path `payer` (`I`) is shorter than the minimum allowed length (2).","name":"ValidationError","level":"error","stack":"ValidationError: Income validation failed: payer: Path `payer` (`I`) is shorter than the minimum allowed length (2).\n    at new ValidationError (/Users/karthik-dhaaru/Documents/Workspace/Dharani/expense_tracker/expense_tracker_backend/node_modules/mongoose/lib/error/validation.js:30:11)\n    at model.Object.<anonymous>.Document.invalidate (/Users/karthik-dhaaru/Documents/Workspace/Dharani/expense_tracker/expense_tracker_backend/node_modules/mongoose/lib/document.js:2334:32)\n    at p.doValidate.skipSchemaValidators (/Users/karthik-dhaaru/Documents/Workspace/Dharani/expense_tracker/expense_tracker_backend/node_modules/mongoose/lib/document.js:2183:17)\n    at /Users/karthik-dhaaru/Documents/Workspace/Dharani/expense_tracker/expense_tracker_backend/node_modules/mongoose/lib/schematype.js:1037:9\n    at process._tickCallback (internal/process/next_tick.js:61:11)"}
{"message":"Connected to the Database mongodb://localhost/ExpenseTracker_Tests","level":"info"}
{"message":"Connected to the Database mongodb://localhost/ExpenseTracker_Tests","level":"info"}
{"errors":{"payer":{"message":"Path `payer` (`I`) is shorter than the minimum allowed length (2).","name":"ValidatorError","properties":{"message":"Path `payer` (`I`) is shorter than the minimum allowed length (2).","type":"minlength","minlength":2,"path":"payer","value":"I"},"kind":"minlength","path":"payer","value":"I"}},"_message":"Income validation failed","message":"Income validation failed: payer: Path `payer` (`I`) is shorter than the minimum allowed length (2).Income validation failed: payer: Path `payer` (`I`) is shorter than the minimum allowed length (2).","name":"ValidationError","level":"error","stack":"ValidationError: Income validation failed: payer: Path `payer` (`I`) is shorter than the minimum allowed length (2).\n    at new ValidationError (/Users/karthik-dhaaru/Documents/Workspace/Dharani/expense_tracker/expense_tracker_backend/node_modules/mongoose/lib/error/validation.js:30:11)\n    at model.Object.<anonymous>.Document.invalidate (/Users/karthik-dhaaru/Documents/Workspace/Dharani/expense_tracker/expense_tracker_backend/node_modules/mongoose/lib/document.js:2334:32)\n    at p.doValidate.skipSchemaValidators (/Users/karthik-dhaaru/Documents/Workspace/Dharani/expense_tracker/expense_tracker_backend/node_modules/mongoose/lib/document.js:2183:17)\n    at /Users/karthik-dhaaru/Documents/Workspace/Dharani/expense_tracker/expense_tracker_backend/node_modules/mongoose/lib/schematype.js:1037:9\n    at process._tickCallback (internal/process/next_tick.js:61:11)"}
{"message":"Connected to the Database mongodb://localhost/ExpenseTracker_Tests","level":"info"}
{"message":"Connected to the Database mongodb://localhost/ExpenseTracker_Tests","level":"info"}
{"message":"Connected to the Database mongodb://localhost/ExpenseTracker_Tests","level":"info"}
{"message":"Connected to the Database mongodb://localhost/ExpenseTracker_Tests","level":"info"}
{"errors":{"payer":{"message":"Path `payer` (`I`) is shorter than the minimum allowed length (2).","name":"ValidatorError","properties":{"message":"Path `payer` (`I`) is shorter than the minimum allowed length (2).","type":"minlength","minlength":2,"path":"payer","value":"I"},"kind":"minlength","path":"payer","value":"I"}},"_message":"Income validation failed","message":"Income validation failed: payer: Path `payer` (`I`) is shorter than the minimum allowed length (2).Income validation failed: payer: Path `payer` (`I`) is shorter than the minimum allowed length (2).","name":"ValidationError","level":"error","stack":"ValidationError: Income validation failed: payer: Path `payer` (`I`) is shorter than the minimum allowed length (2).\n    at new ValidationError (/Users/karthik-dhaaru/Documents/Workspace/Dharani/expense_tracker/expense_tracker_backend/node_modules/mongoose/lib/error/validation.js:30:11)\n    at model.Object.<anonymous>.Document.invalidate (/Users/karthik-dhaaru/Documents/Workspace/Dharani/expense_tracker/expense_tracker_backend/node_modules/mongoose/lib/document.js:2334:32)\n    at p.doValidate.skipSchemaValidators (/Users/karthik-dhaaru/Documents/Workspace/Dharani/expense_tracker/expense_tracker_backend/node_modules/mongoose/lib/document.js:2183:17)\n    at /Users/karthik-dhaaru/Documents/Workspace/Dharani/expense_tracker/expense_tracker_backend/node_modules/mongoose/lib/schematype.js:1037:9\n    at process._tickCallback (internal/process/next_tick.js:61:11)"}
{"message":"Connected to the Database mongodb://localhost/ExpenseTracker_Tests","level":"info"}
{"message":"Connected to the Database mongodb://localhost/ExpenseTracker_Tests","level":"info"}
{"message":"Connected to the Database mongodb://localhost/ExpenseTracker_Tests","level":"info"}
{"message":"Connected to the Database mongodb://localhost/ExpenseTracker_Tests","level":"info"}
{"message":"Connected to the Database mongodb://localhost/ExpenseTracker_Tests","level":"info"}
{"message":"Connected to the Database mongodb://localhost/ExpenseTracker_Tests","level":"info"}
{"message":"Connected to the Database mongodb://localhost/ExpenseTracker_Tests","level":"info"}
{"message":"Connected to the Database mongodb://localhost/ExpenseTracker_Tests","level":"info"}
{"message":"Connected to the Database mongodb://localhost/ExpenseTracker_Tests","level":"info"}
{"message":"Connected to the Database mongodb://localhost/ExpenseTracker_Tests","level":"info"}
{"message":"Connected to the Database mongodb://localhost/ExpenseTracker_Tests","level":"info"}
{"message":"Connected to the Database mongodb://localhost/ExpenseTracker_Tests","level":"info"}
{"message":"Connected to the Database mongodb://localhost/ExpenseTracker_Tests","level":"info"}
{"message":"Connected to the Database mongodb://localhost/ExpenseTracker_Tests","level":"info"}
{"message":"Connected to the Database mongodb://localhost/ExpenseTracker_Tests","level":"info"}
{"message":"Connected to the Database mongodb://localhost/ExpenseTracker_Tests","level":"info"}
{"message":"Connected to the Database mongodb://localhost/ExpenseTracker_Tests","level":"info"}
{"message":"Connected to the Database mongodb://localhost/ExpenseTracker_Tests","level":"info"}
{"message":"Connected to the Database mongodb://localhost/ExpenseTracker_Tests","level":"info"}
{"message":"Connected to the Database mongodb://localhost/ExpenseTracker_Tests","level":"info"}
{"message":"Connected to the Database mongodb://localhost/ExpenseTracker_Tests","level":"info"}
{"message":"Connected to the Database mongodb://localhost/ExpenseTracker_Tests","level":"info"}
{"name":"MongoNetworkError","errorLabels":["TransientTransactionError"],"level":"warn","message":"Cannot to Databasefailed to connect to server [localhost:27017] on first connect [MongoNetworkError: connect ECONNREFUSED 127.0.0.1:27017]","stack":"MongoNetworkError: failed to connect to server [localhost:27017] on first connect [MongoNetworkError: connect ECONNREFUSED 127.0.0.1:27017]\n    at Pool.<anonymous> (/Users/karthik-dhaaru/Documents/Workspace/Dharani/expense_tracker/expense_tracker_backend/node_modules/mongodb/lib/core/topologies/server.js:431:11)\n    at Pool.emit (events.js:198:13)\n    at connect (/Users/karthik-dhaaru/Documents/Workspace/Dharani/expense_tracker/expense_tracker_backend/node_modules/mongodb/lib/core/connection/pool.js:580:14)\n    at makeConnection (/Users/karthik-dhaaru/Documents/Workspace/Dharani/expense_tracker/expense_tracker_backend/node_modules/mongodb/lib/core/connection/connect.js:39:11)\n    at callback (/Users/karthik-dhaaru/Documents/Workspace/Dharani/expense_tracker/expense_tracker_backend/node_modules/mongodb/lib/core/connection/connect.js:261:5)\n    at Socket.err (/Users/karthik-dhaaru/Documents/Workspace/Dharani/expense_tracker/expense_tracker_backend/node_modules/mongodb/lib/core/connection/connect.js:286:7)\n    at Object.onceWrapper (events.js:286:20)\n    at Socket.emit (events.js:198:13)\n    at emitErrorNT (internal/streams/destroy.js:91:8)\n    at emitErrorAndCloseNT (internal/streams/destroy.js:59:3)\n    at process._tickCallback (internal/process/next_tick.js:63:19)"}
